<?xml version="1.0" encoding="UTF-8"?>
<!-- Generated by org.testng.reporters.JUnitReportReporter -->
<testsuite hostname="joga" failures="0" tests="1" name="baseatest.baseutlie" time="8.450" errors="0" timestamp="2021-12-17T10:20:23 IST" skipped="0">
  <testcase classname="baseatest.baseutlie" name="endToEndScenario" time="8.450"/>
  <system-out/>
</testsuite> <!-- baseatest.baseutlie -->
